0 info it worked if it ends with ok
1 verbose cli [ '/usr/local/Cellar/node/5.9.0/bin/node',
1 verbose cli   '/usr/local/bin/npm',
1 verbose cli   'run',
1 verbose cli   'watch' ]
2 info using npm@3.7.3
3 info using node@v5.9.0
4 verbose run-script [ 'prewatch', 'watch', 'postwatch' ]
5 info lifecycle itv-apis@1.0.0~prewatch: itv-apis@1.0.0
6 silly lifecycle itv-apis@1.0.0~prewatch: no script for prewatch, continuing
7 info lifecycle itv-apis@1.0.0~watch: itv-apis@1.0.0
8 verbose lifecycle itv-apis@1.0.0~watch: unsafe-perm in lifecycle true
9 verbose lifecycle itv-apis@1.0.0~watch: PATH: /usr/local/lib/node_modules/npm/bin/node-gyp-bin:/Users/mypitit/Desktop/itv-apis/node_modules/.bin:/usr/local/Cellar/node/5.9.0/bin:/Users/mypitit/.rvm/gems/ruby-2.2.1/bin:/Users/mypitit/.rvm/gems/ruby-2.2.1@global/bin:/Users/mypitit/.rvm/rubies/ruby-2.2.1/bin:/opt/local/bin:/opt/local/sbin:/usr/local/bin:/usr/bin:/bin:/usr/sbin:/sbin:/usr/local/MacGPG2/bin:/Users/mypitit/.rvm/bin
10 verbose lifecycle itv-apis@1.0.0~watch: CWD: /Users/mypitit/Desktop/itv-apis
11 silly lifecycle itv-apis@1.0.0~watch: Args: [ '-c', 'webpack --watch --progress' ]
12 silly lifecycle itv-apis@1.0.0~watch: Returned: code: 1  signal: null
13 info lifecycle itv-apis@1.0.0~watch: Failed to exec watch script
14 verbose stack Error: itv-apis@1.0.0 watch: `webpack --watch --progress`
14 verbose stack Exit status 1
14 verbose stack     at EventEmitter.<anonymous> (/usr/local/lib/node_modules/npm/lib/utils/lifecycle.js:239:16)
14 verbose stack     at emitTwo (events.js:100:13)
14 verbose stack     at EventEmitter.emit (events.js:185:7)
14 verbose stack     at ChildProcess.<anonymous> (/usr/local/lib/node_modules/npm/lib/utils/spawn.js:24:14)
14 verbose stack     at emitTwo (events.js:100:13)
14 verbose stack     at ChildProcess.emit (events.js:185:7)
14 verbose stack     at maybeClose (internal/child_process.js:850:16)
14 verbose stack     at Process.ChildProcess._handle.onexit (internal/child_process.js:215:5)
15 verbose pkgid itv-apis@1.0.0
16 verbose cwd /Users/mypitit/Desktop/itv-apis
17 error Darwin 15.4.0
18 error argv "/usr/local/Cellar/node/5.9.0/bin/node" "/usr/local/bin/npm" "run" "watch"
19 error node v5.9.0
20 error npm  v3.7.3
21 error code ELIFECYCLE
22 error itv-apis@1.0.0 watch: `webpack --watch --progress`
22 error Exit status 1
23 error Failed at the itv-apis@1.0.0 watch script 'webpack --watch --progress'.
23 error Make sure you have the latest version of node.js and npm installed.
23 error If you do, this is most likely a problem with the itv-apis package,
23 error not with npm itself.
23 error Tell the author that this fails on your system:
23 error     webpack --watch --progress
23 error You can get information on how to open an issue for this project with:
23 error     npm bugs itv-apis
23 error Or if that isn't available, you can get their info via:
23 error     npm owner ls itv-apis
23 error There is likely additional logging output above.
24 verbose exit [ 1, true ]
